{"/Users/jessicawolvington/Desktop/react-tic-tac-toe/client/src/components/Board.jsx": {"path":"/Users/jessicawolvington/Desktop/react-tic-tac-toe/client/src/components/Board.jsx","statementMap":{"0":{"start":{"line":6,"column":8},"end":{"line":6,"column":21}},"1":{"start":{"line":7,"column":8},"end":{"line":11,"column":9}},"2":{"start":{"line":8,"column":51},"end":{"line":8,"column":74}},"3":{"start":{"line":12,"column":8},"end":{"line":12,"column":49}},"4":{"start":{"line":13,"column":8},"end":{"line":13,"column":55}},"5":{"start":{"line":21,"column":24},"end":{"line":21,"column":36}},"6":{"start":{"line":22,"column":24},"end":{"line":22,"column":36}},"7":{"start":{"line":23,"column":26},"end":{"line":23,"column":36}},"8":{"start":{"line":24,"column":19},"end":{"line":24,"column":38}},"9":{"start":{"line":26,"column":29},"end":{"line":26,"column":90}},"10":{"start":{"line":26,"column":59},"end":{"line":26,"column":89}},"11":{"start":{"line":26,"column":76},"end":{"line":26,"column":86}},"12":{"start":{"line":27,"column":8},"end":{"line":27,"column":52}},"13":{"start":{"line":29,"column":8},"end":{"line":33,"column":57}},"14":{"start":{"line":33,"column":17},"end":{"line":33,"column":55}},"15":{"start":{"line":40,"column":31},"end":{"line":40,"column":41}},"16":{"start":{"line":41,"column":22},"end":{"line":41,"column":72}},"17":{"start":{"line":42,"column":31},"end":{"line":42,"column":126}},"18":{"start":{"line":43,"column":31},"end":{"line":43,"column":126}},"19":{"start":{"line":44,"column":31},"end":{"line":44,"column":126}},"20":{"start":{"line":46,"column":29},"end":{"line":46,"column":124}},"21":{"start":{"line":47,"column":29},"end":{"line":47,"column":124}},"22":{"start":{"line":48,"column":29},"end":{"line":48,"column":124}},"23":{"start":{"line":50,"column":29},"end":{"line":50,"column":124}},"24":{"start":{"line":51,"column":29},"end":{"line":51,"column":124}},"25":{"start":{"line":53,"column":30},"end":{"line":53,"column":86}},"26":{"start":{"line":54,"column":28},"end":{"line":54,"column":78}},"27":{"start":{"line":55,"column":28},"end":{"line":55,"column":60}},"28":{"start":{"line":57,"column":8},"end":{"line":72,"column":9}},"29":{"start":{"line":58,"column":25},"end":{"line":58,"column":54}},"30":{"start":{"line":59,"column":12},"end":{"line":59,"column":38}},"31":{"start":{"line":60,"column":12},"end":{"line":60,"column":33}},"32":{"start":{"line":61,"column":12},"end":{"line":64,"column":15}},"33":{"start":{"line":65,"column":15},"end":{"line":72,"column":9}},"34":{"start":{"line":66,"column":12},"end":{"line":66,"column":33}},"35":{"start":{"line":67,"column":12},"end":{"line":67,"column":33}},"36":{"start":{"line":68,"column":12},"end":{"line":71,"column":15}},"37":{"start":{"line":76,"column":8},"end":{"line":82,"column":9}},"38":{"start":{"line":79,"column":20},"end":{"line":80,"column":17}},"39":{"start":{"line":79,"column":51},"end":{"line":79,"column":144}}},"fnMap":{"0":{"name":"(anonymous_0)","decl":{"start":{"line":5,"column":4},"end":{"line":5,"column":5}},"loc":{"start":{"line":5,"column":23},"end":{"line":14,"column":5}},"line":5},"1":{"name":"(anonymous_1)","decl":{"start":{"line":8,"column":45},"end":{"line":8,"column":46}},"loc":{"start":{"line":8,"column":51},"end":{"line":8,"column":74}},"line":8},"2":{"name":"(anonymous_2)","decl":{"start":{"line":20,"column":4},"end":{"line":20,"column":5}},"loc":{"start":{"line":20,"column":24},"end":{"line":34,"column":5}},"line":20},"3":{"name":"(anonymous_3)","decl":{"start":{"line":26,"column":52},"end":{"line":26,"column":53}},"loc":{"start":{"line":26,"column":59},"end":{"line":26,"column":89}},"line":26},"4":{"name":"(anonymous_4)","decl":{"start":{"line":26,"column":67},"end":{"line":26,"column":68}},"loc":{"start":{"line":26,"column":74},"end":{"line":26,"column":88}},"line":26},"5":{"name":"(anonymous_5)","decl":{"start":{"line":33,"column":11},"end":{"line":33,"column":12}},"loc":{"start":{"line":33,"column":17},"end":{"line":33,"column":55}},"line":33},"6":{"name":"(anonymous_6)","decl":{"start":{"line":39,"column":4},"end":{"line":39,"column":5}},"loc":{"start":{"line":39,"column":53},"end":{"line":73,"column":5}},"line":39},"7":{"name":"(anonymous_7)","decl":{"start":{"line":75,"column":4},"end":{"line":75,"column":5}},"loc":{"start":{"line":75,"column":13},"end":{"line":83,"column":5}},"line":75},"8":{"name":"(anonymous_8)","decl":{"start":{"line":78,"column":44},"end":{"line":78,"column":45}},"loc":{"start":{"line":78,"column":56},"end":{"line":80,"column":18}},"line":78},"9":{"name":"(anonymous_9)","decl":{"start":{"line":79,"column":35},"end":{"line":79,"column":36}},"loc":{"start":{"line":79,"column":49},"end":{"line":79,"column":146}},"line":79}},"branchMap":{"0":{"loc":{"start":{"line":24,"column":19},"end":{"line":24,"column":38}},"type":"cond-expr","locations":[{"start":{"line":24,"column":29},"end":{"line":24,"column":32}},{"start":{"line":24,"column":35},"end":{"line":24,"column":38}}],"line":24},"1":{"loc":{"start":{"line":41,"column":22},"end":{"line":41,"column":72}},"type":"cond-expr","locations":[{"start":{"line":41,"column":38},"end":{"line":41,"column":51}},{"start":{"line":41,"column":54},"end":{"line":41,"column":72}}],"line":41},"2":{"loc":{"start":{"line":42,"column":31},"end":{"line":42,"column":126}},"type":"binary-expr","locations":[{"start":{"line":42,"column":32},"end":{"line":42,"column":54}},{"start":{"line":42,"column":59},"end":{"line":42,"column":90}},{"start":{"line":42,"column":95},"end":{"line":42,"column":126}}],"line":42},"3":{"loc":{"start":{"line":43,"column":31},"end":{"line":43,"column":126}},"type":"binary-expr","locations":[{"start":{"line":43,"column":32},"end":{"line":43,"column":54}},{"start":{"line":43,"column":59},"end":{"line":43,"column":90}},{"start":{"line":43,"column":95},"end":{"line":43,"column":126}}],"line":43},"4":{"loc":{"start":{"line":44,"column":31},"end":{"line":44,"column":126}},"type":"binary-expr","locations":[{"start":{"line":44,"column":32},"end":{"line":44,"column":54}},{"start":{"line":44,"column":59},"end":{"line":44,"column":90}},{"start":{"line":44,"column":95},"end":{"line":44,"column":126}}],"line":44},"5":{"loc":{"start":{"line":46,"column":29},"end":{"line":46,"column":124}},"type":"binary-expr","locations":[{"start":{"line":46,"column":30},"end":{"line":46,"column":52}},{"start":{"line":46,"column":57},"end":{"line":46,"column":88}},{"start":{"line":46,"column":93},"end":{"line":46,"column":124}}],"line":46},"6":{"loc":{"start":{"line":47,"column":29},"end":{"line":47,"column":124}},"type":"binary-expr","locations":[{"start":{"line":47,"column":30},"end":{"line":47,"column":52}},{"start":{"line":47,"column":57},"end":{"line":47,"column":88}},{"start":{"line":47,"column":93},"end":{"line":47,"column":124}}],"line":47},"7":{"loc":{"start":{"line":48,"column":29},"end":{"line":48,"column":124}},"type":"binary-expr","locations":[{"start":{"line":48,"column":30},"end":{"line":48,"column":52}},{"start":{"line":48,"column":57},"end":{"line":48,"column":88}},{"start":{"line":48,"column":93},"end":{"line":48,"column":124}}],"line":48},"8":{"loc":{"start":{"line":50,"column":29},"end":{"line":50,"column":124}},"type":"binary-expr","locations":[{"start":{"line":50,"column":30},"end":{"line":50,"column":52}},{"start":{"line":50,"column":57},"end":{"line":50,"column":88}},{"start":{"line":50,"column":93},"end":{"line":50,"column":124}}],"line":50},"9":{"loc":{"start":{"line":51,"column":29},"end":{"line":51,"column":124}},"type":"binary-expr","locations":[{"start":{"line":51,"column":30},"end":{"line":51,"column":52}},{"start":{"line":51,"column":57},"end":{"line":51,"column":88}},{"start":{"line":51,"column":93},"end":{"line":51,"column":124}}],"line":51},"10":{"loc":{"start":{"line":53,"column":30},"end":{"line":53,"column":86}},"type":"binary-expr","locations":[{"start":{"line":53,"column":30},"end":{"line":53,"column":46}},{"start":{"line":53,"column":50},"end":{"line":53,"column":66}},{"start":{"line":53,"column":70},"end":{"line":53,"column":86}}],"line":53},"11":{"loc":{"start":{"line":54,"column":28},"end":{"line":54,"column":78}},"type":"binary-expr","locations":[{"start":{"line":54,"column":28},"end":{"line":54,"column":42}},{"start":{"line":54,"column":46},"end":{"line":54,"column":60}},{"start":{"line":54,"column":64},"end":{"line":54,"column":78}}],"line":54},"12":{"loc":{"start":{"line":55,"column":28},"end":{"line":55,"column":60}},"type":"binary-expr","locations":[{"start":{"line":55,"column":28},"end":{"line":55,"column":42}},{"start":{"line":55,"column":46},"end":{"line":55,"column":60}}],"line":55},"13":{"loc":{"start":{"line":57,"column":8},"end":{"line":72,"column":9}},"type":"if","locations":[{"start":{"line":57,"column":8},"end":{"line":72,"column":9}},{"start":{"line":57,"column":8},"end":{"line":72,"column":9}}],"line":57},"14":{"loc":{"start":{"line":57,"column":12},"end":{"line":57,"column":55}},"type":"binary-expr","locations":[{"start":{"line":57,"column":12},"end":{"line":57,"column":25}},{"start":{"line":57,"column":29},"end":{"line":57,"column":40}},{"start":{"line":57,"column":44},"end":{"line":57,"column":55}}],"line":57},"15":{"loc":{"start":{"line":65,"column":15},"end":{"line":72,"column":9}},"type":"if","locations":[{"start":{"line":65,"column":15},"end":{"line":72,"column":9}},{"start":{"line":65,"column":15},"end":{"line":72,"column":9}}],"line":65},"16":{"loc":{"start":{"line":65,"column":19},"end":{"line":65,"column":99}},"type":"binary-expr","locations":[{"start":{"line":65,"column":19},"end":{"line":65,"column":33}},{"start":{"line":65,"column":37},"end":{"line":65,"column":49}},{"start":{"line":65,"column":53},"end":{"line":65,"column":65}},{"start":{"line":65,"column":69},"end":{"line":65,"column":99}}],"line":65}},"s":{"0":0,"1":0,"2":0,"3":0,"4":0,"5":0,"6":0,"7":0,"8":0,"9":0,"10":0,"11":0,"12":0,"13":0,"14":0,"15":0,"16":0,"17":0,"18":0,"19":0,"20":0,"21":0,"22":0,"23":0,"24":0,"25":0,"26":0,"27":0,"28":0,"29":0,"30":0,"31":0,"32":0,"33":0,"34":0,"35":0,"36":0,"37":0,"38":0,"39":0},"f":{"0":0,"1":0,"2":0,"3":0,"4":0,"5":0,"6":0,"7":0,"8":0,"9":0},"b":{"0":[0,0],"1":[0,0],"2":[0,0,0],"3":[0,0,0],"4":[0,0,0],"5":[0,0,0],"6":[0,0,0],"7":[0,0,0],"8":[0,0,0],"9":[0,0,0],"10":[0,0,0],"11":[0,0,0],"12":[0,0],"13":[0,0],"14":[0,0,0],"15":[0,0],"16":[0,0,0,0]},"_coverageSchema":"1a1c01bbd47fc00a2c39e90264f33305004495a9","hash":"603dd2d5d31d0776550c2903254805c4d91842f8"}
,"/Users/jessicawolvington/Desktop/react-tic-tac-toe/client/src/components/Square.jsx": {"path":"/Users/jessicawolvington/Desktop/react-tic-tac-toe/client/src/components/Square.jsx","statementMap":{"0":{"start":{"line":5,"column":8},"end":{"line":5,"column":20}},"1":{"start":{"line":9,"column":44},"end":{"line":9,"column":54}},"2":{"start":{"line":10,"column":8},"end":{"line":15,"column":9}},"3":{"start":{"line":11,"column":32},"end":{"line":11,"column":50}}},"fnMap":{"0":{"name":"(anonymous_0)","decl":{"start":{"line":4,"column":4},"end":{"line":4,"column":5}},"loc":{"start":{"line":4,"column":23},"end":{"line":6,"column":5}},"line":4},"1":{"name":"(anonymous_1)","decl":{"start":{"line":8,"column":4},"end":{"line":8,"column":5}},"loc":{"start":{"line":8,"column":13},"end":{"line":16,"column":5}},"line":8},"2":{"name":"(anonymous_2)","decl":{"start":{"line":11,"column":26},"end":{"line":11,"column":27}},"loc":{"start":{"line":11,"column":32},"end":{"line":11,"column":50}},"line":11}},"branchMap":{},"s":{"0":1,"1":1,"2":1,"3":0},"f":{"0":1,"1":1,"2":0},"b":{},"_coverageSchema":"1a1c01bbd47fc00a2c39e90264f33305004495a9","hash":"046dd6de018999c80b4f8bf6599d0108db806f27"}
,"/Users/jessicawolvington/Desktop/react-tic-tac-toe/mockAPI/MockLocalStorage.js": {"path":"/Users/jessicawolvington/Desktop/react-tic-tac-toe/mockAPI/MockLocalStorage.js","statementMap":{"0":{"start":{"line":1,"column":0},"end":{"line":8,"column":1}},"1":{"start":{"line":3,"column":8},"end":{"line":3,"column":41}},"2":{"start":{"line":3,"column":32},"end":{"line":3,"column":41}},"3":{"start":{"line":4,"column":8},"end":{"line":6,"column":9}},"4":{"start":{"line":5,"column":12},"end":{"line":5,"column":29}}},"fnMap":{"0":{"name":"(anonymous_0)","decl":{"start":{"line":2,"column":4},"end":{"line":2,"column":5}},"loc":{"start":{"line":2,"column":18},"end":{"line":7,"column":5}},"line":2},"1":{"name":"(anonymous_1)","decl":{"start":{"line":3,"column":23},"end":{"line":3,"column":24}},"loc":{"start":{"line":3,"column":32},"end":{"line":3,"column":41}},"line":3},"2":{"name":"(anonymous_2)","decl":{"start":{"line":4,"column":23},"end":{"line":4,"column":24}},"loc":{"start":{"line":4,"column":39},"end":{"line":6,"column":9}},"line":4}},"branchMap":{},"s":{"0":1,"1":5,"2":9,"3":5,"4":7},"f":{"0":5,"1":9,"2":7},"b":{},"_coverageSchema":"1a1c01bbd47fc00a2c39e90264f33305004495a9","hash":"74dda08397c9849c186fd97b0d22074f91b2597f"}
,"/Users/jessicawolvington/Desktop/react-tic-tac-toe/mockAPI/localStorageFunctions.js": {"path":"/Users/jessicawolvington/Desktop/react-tic-tac-toe/mockAPI/localStorageFunctions.js","statementMap":{"0":{"start":{"line":1,"column":0},"end":{"line":91,"column":1}},"1":{"start":{"line":4,"column":8},"end":{"line":4,"column":40}},"2":{"start":{"line":8,"column":8},"end":{"line":8,"column":69}},"3":{"start":{"line":8,"column":45},"end":{"line":8,"column":68}},"4":{"start":{"line":15,"column":27},"end":{"line":15,"column":50}},"5":{"start":{"line":16,"column":8},"end":{"line":16,"column":54}},"6":{"start":{"line":17,"column":8},"end":{"line":17,"column":25}},"7":{"start":{"line":24,"column":26},"end":{"line":24,"column":59}},"8":{"start":{"line":25,"column":8},"end":{"line":29,"column":9}},"9":{"start":{"line":26,"column":12},"end":{"line":26,"column":28}},"10":{"start":{"line":28,"column":12},"end":{"line":28,"column":34}},"11":{"start":{"line":42,"column":26},"end":{"line":42,"column":40}},"12":{"start":{"line":43,"column":8},"end":{"line":48,"column":9}},"13":{"start":{"line":44,"column":12},"end":{"line":44,"column":67}},"14":{"start":{"line":46,"column":12},"end":{"line":46,"column":43}},"15":{"start":{"line":47,"column":12},"end":{"line":47,"column":56}},"16":{"start":{"line":55,"column":8},"end":{"line":55,"column":48}},"17":{"start":{"line":64,"column":8},"end":{"line":66,"column":9}},"18":{"start":{"line":65,"column":12},"end":{"line":65,"column":67}},"19":{"start":{"line":67,"column":8},"end":{"line":67,"column":56}},"20":{"start":{"line":74,"column":8},"end":{"line":76,"column":9}},"21":{"start":{"line":75,"column":12},"end":{"line":75,"column":67}},"22":{"start":{"line":77,"column":8},"end":{"line":77,"column":48}},"23":{"start":{"line":86,"column":8},"end":{"line":88,"column":9}},"24":{"start":{"line":87,"column":12},"end":{"line":87,"column":67}},"25":{"start":{"line":89,"column":8},"end":{"line":89,"column":55}}},"fnMap":{"0":{"name":"(anonymous_0)","decl":{"start":{"line":3,"column":4},"end":{"line":3,"column":5}},"loc":{"start":{"line":3,"column":30},"end":{"line":5,"column":5}},"line":3},"1":{"name":"(anonymous_1)","decl":{"start":{"line":7,"column":4},"end":{"line":7,"column":5}},"loc":{"start":{"line":7,"column":23},"end":{"line":9,"column":5}},"line":7},"2":{"name":"(anonymous_2)","decl":{"start":{"line":8,"column":39},"end":{"line":8,"column":40}},"loc":{"start":{"line":8,"column":45},"end":{"line":8,"column":68}},"line":8},"3":{"name":"(anonymous_3)","decl":{"start":{"line":14,"column":4},"end":{"line":14,"column":5}},"loc":{"start":{"line":14,"column":15},"end":{"line":18,"column":5}},"line":14},"4":{"name":"(anonymous_4)","decl":{"start":{"line":23,"column":4},"end":{"line":23,"column":5}},"loc":{"start":{"line":23,"column":14},"end":{"line":30,"column":5}},"line":23},"5":{"name":"(anonymous_5)","decl":{"start":{"line":41,"column":4},"end":{"line":41,"column":5}},"loc":{"start":{"line":41,"column":34},"end":{"line":49,"column":5}},"line":41},"6":{"name":"(anonymous_6)","decl":{"start":{"line":54,"column":4},"end":{"line":54,"column":5}},"loc":{"start":{"line":54,"column":14},"end":{"line":56,"column":5}},"line":54},"7":{"name":"(anonymous_7)","decl":{"start":{"line":63,"column":4},"end":{"line":63,"column":5}},"loc":{"start":{"line":63,"column":20},"end":{"line":68,"column":5}},"line":63},"8":{"name":"(anonymous_8)","decl":{"start":{"line":73,"column":4},"end":{"line":73,"column":5}},"loc":{"start":{"line":73,"column":21},"end":{"line":78,"column":5}},"line":73},"9":{"name":"(anonymous_9)","decl":{"start":{"line":85,"column":4},"end":{"line":85,"column":5}},"loc":{"start":{"line":85,"column":28},"end":{"line":90,"column":5}},"line":85}},"branchMap":{"0":{"loc":{"start":{"line":25,"column":8},"end":{"line":29,"column":9}},"type":"if","locations":[{"start":{"line":25,"column":8},"end":{"line":29,"column":9}},{"start":{"line":25,"column":8},"end":{"line":29,"column":9}}],"line":25},"1":{"loc":{"start":{"line":43,"column":8},"end":{"line":48,"column":9}},"type":"if","locations":[{"start":{"line":43,"column":8},"end":{"line":48,"column":9}},{"start":{"line":43,"column":8},"end":{"line":48,"column":9}}],"line":43},"2":{"loc":{"start":{"line":43,"column":12},"end":{"line":43,"column":44}},"type":"binary-expr","locations":[{"start":{"line":43,"column":12},"end":{"line":43,"column":26}},{"start":{"line":43,"column":30},"end":{"line":43,"column":44}}],"line":43},"3":{"loc":{"start":{"line":64,"column":8},"end":{"line":66,"column":9}},"type":"if","locations":[{"start":{"line":64,"column":8},"end":{"line":66,"column":9}},{"start":{"line":64,"column":8},"end":{"line":66,"column":9}}],"line":64},"4":{"loc":{"start":{"line":64,"column":12},"end":{"line":64,"column":44}},"type":"binary-expr","locations":[{"start":{"line":64,"column":12},"end":{"line":64,"column":26}},{"start":{"line":64,"column":30},"end":{"line":64,"column":44}}],"line":64},"5":{"loc":{"start":{"line":74,"column":8},"end":{"line":76,"column":9}},"type":"if","locations":[{"start":{"line":74,"column":8},"end":{"line":76,"column":9}},{"start":{"line":74,"column":8},"end":{"line":76,"column":9}}],"line":74},"6":{"loc":{"start":{"line":74,"column":12},"end":{"line":74,"column":44}},"type":"binary-expr","locations":[{"start":{"line":74,"column":12},"end":{"line":74,"column":26}},{"start":{"line":74,"column":30},"end":{"line":74,"column":44}}],"line":74},"7":{"loc":{"start":{"line":86,"column":8},"end":{"line":88,"column":9}},"type":"if","locations":[{"start":{"line":86,"column":8},"end":{"line":88,"column":9}},{"start":{"line":86,"column":8},"end":{"line":88,"column":9}}],"line":86},"8":{"loc":{"start":{"line":86,"column":12},"end":{"line":86,"column":44}},"type":"binary-expr","locations":[{"start":{"line":86,"column":12},"end":{"line":86,"column":26}},{"start":{"line":86,"column":30},"end":{"line":86,"column":44}}],"line":86}},"s":{"0":1,"1":5,"2":3,"3":9,"4":3,"5":3,"6":3,"7":7,"8":7,"9":4,"10":3,"11":2,"12":2,"13":0,"14":2,"15":2,"16":0,"17":0,"18":0,"19":0,"20":1,"21":0,"22":1,"23":1,"24":0,"25":1},"f":{"0":5,"1":3,"2":9,"3":3,"4":7,"5":2,"6":0,"7":0,"8":1,"9":1},"b":{"0":[4,3],"1":[0,2],"2":[2,0],"3":[0,0],"4":[0,0],"5":[0,1],"6":[1,0],"7":[0,1],"8":[1,0]},"_coverageSchema":"1a1c01bbd47fc00a2c39e90264f33305004495a9","hash":"f2809a7ecd8972a3e6c7499c5e6b7fbf1a7a2221"}
,"/Users/jessicawolvington/Desktop/react-tic-tac-toe/mockAPI/mockAPIAccess.js": {"path":"/Users/jessicawolvington/Desktop/react-tic-tac-toe/mockAPI/mockAPIAccess.js","statementMap":{"0":{"start":{"line":1,"column":27},"end":{"line":1,"column":64}},"1":{"start":{"line":3,"column":0},"end":{"line":35,"column":1}},"2":{"start":{"line":7,"column":8},"end":{"line":7,"column":70}},"3":{"start":{"line":12,"column":8},"end":{"line":23,"column":10}},"4":{"start":{"line":13,"column":28},"end":{"line":13,"column":47}},"5":{"start":{"line":14,"column":12},"end":{"line":18,"column":13}},"6":{"start":{"line":15,"column":16},"end":{"line":15,"column":84}},"7":{"start":{"line":17,"column":16},"end":{"line":17,"column":40}},"8":{"start":{"line":19,"column":12},"end":{"line":19,"column":103}},"9":{"start":{"line":19,"column":50},"end":{"line":19,"column":101}},"10":{"start":{"line":20,"column":12},"end":{"line":20,"column":103}},"11":{"start":{"line":20,"column":50},"end":{"line":20,"column":101}},"12":{"start":{"line":21,"column":12},"end":{"line":21,"column":105}},"13":{"start":{"line":21,"column":51},"end":{"line":21,"column":103}},"14":{"start":{"line":22,"column":12},"end":{"line":22,"column":66}},"15":{"start":{"line":28,"column":8},"end":{"line":33,"column":10}},"16":{"start":{"line":29,"column":12},"end":{"line":29,"column":99}},"17":{"start":{"line":29,"column":44},"end":{"line":29,"column":97}},"18":{"start":{"line":30,"column":12},"end":{"line":30,"column":123}},"19":{"start":{"line":30,"column":44},"end":{"line":30,"column":121}},"20":{"start":{"line":31,"column":12},"end":{"line":31,"column":113}},"21":{"start":{"line":31,"column":45},"end":{"line":31,"column":111}},"22":{"start":{"line":32,"column":12},"end":{"line":32,"column":66}}},"fnMap":{"0":{"name":"(anonymous_0)","decl":{"start":{"line":6,"column":4},"end":{"line":6,"column":5}},"loc":{"start":{"line":6,"column":30},"end":{"line":8,"column":5}},"line":6},"1":{"name":"(anonymous_1)","decl":{"start":{"line":11,"column":4},"end":{"line":11,"column":5}},"loc":{"start":{"line":11,"column":18},"end":{"line":24,"column":5}},"line":11},"2":{"name":"(anonymous_2)","decl":{"start":{"line":12,"column":27},"end":{"line":12,"column":28}},"loc":{"start":{"line":12,"column":48},"end":{"line":23,"column":9}},"line":12},"3":{"name":"(anonymous_3)","decl":{"start":{"line":27,"column":4},"end":{"line":27,"column":5}},"loc":{"start":{"line":27,"column":25},"end":{"line":34,"column":5}},"line":27},"4":{"name":"(anonymous_4)","decl":{"start":{"line":28,"column":27},"end":{"line":28,"column":28}},"loc":{"start":{"line":28,"column":48},"end":{"line":33,"column":9}},"line":28}},"branchMap":{"0":{"loc":{"start":{"line":14,"column":12},"end":{"line":18,"column":13}},"type":"if","locations":[{"start":{"line":14,"column":12},"end":{"line":18,"column":13}},{"start":{"line":14,"column":12},"end":{"line":18,"column":13}}],"line":14},"1":{"loc":{"start":{"line":19,"column":12},"end":{"line":19,"column":103}},"type":"if","locations":[{"start":{"line":19,"column":12},"end":{"line":19,"column":103}},{"start":{"line":19,"column":12},"end":{"line":19,"column":103}}],"line":19},"2":{"loc":{"start":{"line":20,"column":12},"end":{"line":20,"column":103}},"type":"if","locations":[{"start":{"line":20,"column":12},"end":{"line":20,"column":103}},{"start":{"line":20,"column":12},"end":{"line":20,"column":103}}],"line":20},"3":{"loc":{"start":{"line":21,"column":12},"end":{"line":21,"column":105}},"type":"if","locations":[{"start":{"line":21,"column":12},"end":{"line":21,"column":105}},{"start":{"line":21,"column":12},"end":{"line":21,"column":105}}],"line":21},"4":{"loc":{"start":{"line":29,"column":12},"end":{"line":29,"column":99}},"type":"if","locations":[{"start":{"line":29,"column":12},"end":{"line":29,"column":99}},{"start":{"line":29,"column":12},"end":{"line":29,"column":99}}],"line":29},"5":{"loc":{"start":{"line":30,"column":12},"end":{"line":30,"column":123}},"type":"if","locations":[{"start":{"line":30,"column":12},"end":{"line":30,"column":123}},{"start":{"line":30,"column":12},"end":{"line":30,"column":123}}],"line":30},"6":{"loc":{"start":{"line":31,"column":12},"end":{"line":31,"column":113}},"type":"if","locations":[{"start":{"line":31,"column":12},"end":{"line":31,"column":113}},{"start":{"line":31,"column":12},"end":{"line":31,"column":113}}],"line":31}},"s":{"0":1,"1":1,"2":5,"3":6,"4":6,"5":6,"6":0,"7":6,"8":6,"9":0,"10":6,"11":5,"12":6,"13":1,"14":6,"15":3,"16":3,"17":0,"18":3,"19":2,"20":3,"21":1,"22":3},"f":{"0":5,"1":6,"2":6,"3":3,"4":3},"b":{"0":[0,6],"1":[0,6],"2":[5,1],"3":[1,5],"4":[0,3],"5":[2,1],"6":[1,2]},"_coverageSchema":"1a1c01bbd47fc00a2c39e90264f33305004495a9","hash":"f5decb9a8a3d70418f5bff2a07d4b77a771c1583"}
}
